Safora_App_mobile/build/app/intermediates/manifest_merge_blame_file/debug/processDebugMainManifest/manifest-merger-blame-debug-report.txt
1<?xml version="1.0" encoding="utf-8"?>
2<manifest xmlns:android="http://schemas.android.com/apk/res/android"
3    package="com.example.safora_app"
4    android:versionCode="1"
5    android:versionName="1.0.0" >
6
7    <uses-sdk
8        android:minSdkVersion="21"
9        android:targetSdkVersion="35" />
10    <!--
11         The INTERNET permission is required for development. Specifically,
12         the Flutter tool needs it to communicate with the running application
13         to allow setting breakpoints, to provide hot reload, etc.
14    -->
15    <uses-permission android:name="android.permission.INTERNET" />
15-->src\main\AndroidManifest.xml:7:5-66
15-->src\main\AndroidManifest.xml:7:22-64
16
17    <uses-feature
17-->src\main\AndroidManifest.xml:3:5-5:36
18        android:name="android.hardware.telephony"
18-->src\main\AndroidManifest.xml:4:9-50
19        android:required="false" />
19-->src\main\AndroidManifest.xml:5:9-33
20
21    <uses-permission android:name="android.permission.ACCESS_FINE_LOCATION" />
21-->src\main\AndroidManifest.xml:8:5-78
21-->src\main\AndroidManifest.xml:8:22-76
22    <uses-permission android:name="android.permission.ACCESS_COARSE_LOCATION" />
22-->src\main\AndroidManifest.xml:9:5-80
22-->src\main\AndroidManifest.xml:9:22-78
23    <uses-permission android:name="android.permission.CALL_PHONE" />
23-->src\main\AndroidManifest.xml:10:5-68
23-->src\main\AndroidManifest.xml:10:22-66
24    <uses-permission android:name="android.permission.BLUETOOTH_SCAN" />
24-->src\main\AndroidManifest.xml:11:5-72
24-->src\main\AndroidManifest.xml:11:22-70
25    <uses-permission android:name="android.permission.BLUETOOTH_CONNECT" /> <!-- legacy untuk Android 11 ke bawah -->
25-->src\main\AndroidManifest.xml:12:5-75
25-->src\main\AndroidManifest.xml:12:22-73
26    <uses-permission
26-->src\main\AndroidManifest.xml:15:5-95
27        android:name="android.permission.BLUETOOTH"
27-->src\main\AndroidManifest.xml:15:22-65
28        android:maxSdkVersion="30" />
28-->src\main\AndroidManifest.xml:15:66-92
29    <uses-permission
29-->src\main\AndroidManifest.xml:16:5-101
30        android:name="android.permission.BLUETOOTH_ADMIN"
30-->src\main\AndroidManifest.xml:16:22-71
31        android:maxSdkVersion="30" />
31-->src\main\AndroidManifest.xml:16:72-98
32    <uses-permission android:name="android.permission.SEND_SMS" />
32-->src\main\AndroidManifest.xml:18:5-66
32-->src\main\AndroidManifest.xml:18:22-64
33    <uses-permission android:name="android.permission.READ_PHONE_STATE" />
33-->src\main\AndroidManifest.xml:19:5-74
33-->src\main\AndroidManifest.xml:19:22-72
34    <uses-permission android:name="android.permission.RECEIVE_SMS" />
34-->src\main\AndroidManifest.xml:20:5-69
34-->src\main\AndroidManifest.xml:20:22-67
35    <uses-permission android:name="android.permission.READ_SMS" />
35-->src\main\AndroidManifest.xml:21:5-66
35-->src\main\AndroidManifest.xml:21:22-64
36    <!--
37 Required to query activities that can process text, see:
38         https://developer.android.com/training/package-visibility and
39         https://developer.android.com/reference/android/content/Intent#ACTION_PROCESS_TEXT.
40
41         In particular, this is used by the Flutter engine in io.flutter.plugin.text.ProcessTextPlugin.
42    -->
43    <queries>
43-->src\main\AndroidManifest.xml:73:5-78:15
44        <intent>
44-->src\main\AndroidManifest.xml:74:9-77:18
45            <action android:name="android.intent.action.PROCESS_TEXT" />
45-->src\main\AndroidManifest.xml:75:13-72
45-->src\main\AndroidManifest.xml:75:21-70
46
47            <data android:mimeType="text/plain" />
47-->src\main\AndroidManifest.xml:76:13-50
47-->src\main\AndroidManifest.xml:76:19-48
48        </intent>
49    </queries>
50
51    <permission
51-->[androidx.core:core:1.13.1] AndroidManifest.xml:22:5-24:47
52        android:name="com.example.safora_app.DYNAMIC_RECEIVER_NOT_EXPORTED_PERMISSION"
52-->[androidx.core:core:1.13.1] AndroidManifest.xml:23:9-81
53        android:protectionLevel="signature" />
53-->[androidx.core:core:1.13.1] AndroidManifest.xml:24:9-44
54
55    <uses-permission android:name="com.example.safora_app.DYNAMIC_RECEIVER_NOT_EXPORTED_PERMISSION" />
55-->[androidx.core:core:1.13.1] AndroidManifest.xml:26:5-97
55-->[androidx.core:core:1.13.1] AndroidManifest.xml:26:22-94
56
57    <application
58        android:name="android.app.Application"
59        android:appComponentFactory="androidx.core.app.CoreComponentFactory"
59-->[androidx.core:core:1.13.1] AndroidManifest.xml:28:18-86
60        android:debuggable="true"
61        android:extractNativeLibs="true"
62        android:icon="@mipmap/ic_launcher"
63        android:label="safora_app" >
64        <activity
65            android:name="com.example.safora_app.MainActivity"
66            android:configChanges="orientation|keyboardHidden|keyboard|screenSize|smallestScreenSize|locale|layoutDirection|fontScale|screenLayout|density|uiMode"
67            android:exported="true"
68            android:hardwareAccelerated="true"
69            android:launchMode="singleTop"
70            android:taskAffinity=""
71            android:theme="@style/LaunchTheme"
72            android:windowSoftInputMode="adjustResize" >
73
74            <!--
75                 Specifies an Android theme to apply to this Activity as soon as
76                 the Android process has started. This theme is visible to the user
77                 while the Flutter UI initializes. After that, this theme continues
78                 to determine the Window background behind the Flutter UI.
79            -->
80            <meta-data
81                android:name="io.flutter.embedding.android.NormalTheme"
82                android:resource="@style/NormalTheme" />
83
84            <intent-filter>
85                <action android:name="android.intent.action.MAIN" />
86
87                <category android:name="android.intent.category.LAUNCHER" />
88            </intent-filter>
89            <intent-filter>
90                <action android:name="android.intent.action.VIEW" />
91
92                <category android:name="android.intent.category.DEFAULT" />
93                <category android:name="android.intent.category.BROWSABLE" />
94
95                <data
95-->src\main\AndroidManifest.xml:76:13-50
96                    android:host="login-callback"
97                    android:scheme="io.supabase.flutterdemo" />
98            </intent-filter>
99        </activity>
100        <!--
101             Don't delete the meta-data below.
102             This is used by the Flutter tool to generate GeneratedPluginRegistrant.java
103        -->
104        <meta-data
105            android:name="flutterEmbedding"
106            android:value="2" />
107
108        <service
108-->[:geolocator_android] AndroidManifest.xml:8:9-12:56
109            android:name="com.baseflow.geolocator.GeolocatorLocationService"
109-->[:geolocator_android] AndroidManifest.xml:9:13-77
110            android:enabled="true"
110-->[:geolocator_android] AndroidManifest.xml:10:13-35
111            android:exported="false"
111-->[:geolocator_android] AndroidManifest.xml:11:13-37
112            android:foregroundServiceType="location" />
112-->[:geolocator_android] AndroidManifest.xml:12:13-53
113
114        <activity
114-->[:url_launcher_android] AndroidManifest.xml:8:9-11:74
115            android:name="io.flutter.plugins.urllauncher.WebViewActivity"
115-->[:url_launcher_android] AndroidManifest.xml:9:13-74
116            android:exported="false"
116-->[:url_launcher_android] AndroidManifest.xml:10:13-37
117            android:theme="@android:style/Theme.NoTitleBar.Fullscreen" />
117-->[:url_launcher_android] AndroidManifest.xml:11:13-71
118
119        <uses-library
119-->[androidx.window:window:1.2.0] AndroidManifest.xml:23:9-25:40
120            android:name="androidx.window.extensions"
120-->[androidx.window:window:1.2.0] AndroidManifest.xml:24:13-54
121            android:required="false" />
121-->[androidx.window:window:1.2.0] AndroidManifest.xml:25:13-37
122        <uses-library
122-->[androidx.window:window:1.2.0] AndroidManifest.xml:26:9-28:40
123            android:name="androidx.window.sidecar"
123-->[androidx.window:window:1.2.0] AndroidManifest.xml:27:13-51
124            android:required="false" />
124-->[androidx.window:window:1.2.0] AndroidManifest.xml:28:13-37
125
126        <activity
126-->[com.google.android.gms:play-services-base:18.3.0] AndroidManifest.xml:20:9-22:45
127            android:name="com.google.android.gms.common.api.GoogleApiActivity"
127-->[com.google.android.gms:play-services-base:18.3.0] AndroidManifest.xml:20:19-85
128            android:exported="false"
128-->[com.google.android.gms:play-services-base:18.3.0] AndroidManifest.xml:22:19-43
129            android:theme="@android:style/Theme.Translucent.NoTitleBar" />
129-->[com.google.android.gms:play-services-base:18.3.0] AndroidManifest.xml:21:19-78
130
131        <meta-data
131-->[com.google.android.gms:play-services-basement:18.3.0] AndroidManifest.xml:21:9-23:69
132            android:name="com.google.android.gms.version"
132-->[com.google.android.gms:play-services-basement:18.3.0] AndroidManifest.xml:22:13-58
133            android:value="@integer/google_play_services_version" />
133-->[com.google.android.gms:play-services-basement:18.3.0] AndroidManifest.xml:23:13-66
134
135        <provider
135-->[androidx.lifecycle:lifecycle-process:2.7.0] AndroidManifest.xml:24:9-32:20
136            android:name="androidx.startup.InitializationProvider"
136-->[androidx.lifecycle:lifecycle-process:2.7.0] AndroidManifest.xml:25:13-67
137            android:authorities="com.example.safora_app.androidx-startup"
137-->[androidx.lifecycle:lifecycle-process:2.7.0] AndroidManifest.xml:26:13-68
138            android:exported="false" >
138-->[androidx.lifecycle:lifecycle-process:2.7.0] AndroidManifest.xml:27:13-37
139            <meta-data
139-->[androidx.lifecycle:lifecycle-process:2.7.0] AndroidManifest.xml:29:13-31:52
140                android:name="androidx.lifecycle.ProcessLifecycleInitializer"
140-->[androidx.lifecycle:lifecycle-process:2.7.0] AndroidManifest.xml:30:17-78
141                android:value="androidx.startup" />
141-->[androidx.lifecycle:lifecycle-process:2.7.0] AndroidManifest.xml:31:17-49
142            <meta-data
142-->[androidx.profileinstaller:profileinstaller:1.3.1] AndroidManifest.xml:29:13-31:52
143                android:name="androidx.profileinstaller.ProfileInstallerInitializer"
143-->[androidx.profileinstaller:profileinstaller:1.3.1] AndroidManifest.xml:30:17-85
144                android:value="androidx.startup" />
144-->[androidx.profileinstaller:profileinstaller:1.3.1] AndroidManifest.xml:31:17-49
145        </provider>
146
147        <receiver
147-->[androidx.profileinstaller:profileinstaller:1.3.1] AndroidManifest.xml:34:9-52:20
148            android:name="androidx.profileinstaller.ProfileInstallReceiver"
148-->[androidx.profileinstaller:profileinstaller:1.3.1] AndroidManifest.xml:35:13-76
149            android:directBootAware="false"
149-->[androidx.profileinstaller:profileinstaller:1.3.1] AndroidManifest.xml:36:13-44
150            android:enabled="true"
150-->[androidx.profileinstaller:profileinstaller:1.3.1] AndroidManifest.xml:37:13-35
151            android:exported="true"
151-->[androidx.profileinstaller:profileinstaller:1.3.1] AndroidManifest.xml:38:13-36
152            android:permission="android.permission.DUMP" >
152-->[androidx.profileinstaller:profileinstaller:1.3.1] AndroidManifest.xml:39:13-57
153            <intent-filter>
153-->[androidx.profileinstaller:profileinstaller:1.3.1] AndroidManifest.xml:40:13-42:29
154                <action android:name="androidx.profileinstaller.action.INSTALL_PROFILE" />
154-->[androidx.profileinstaller:profileinstaller:1.3.1] AndroidManifest.xml:41:17-91
154-->[androidx.profileinstaller:profileinstaller:1.3.1] AndroidManifest.xml:41:25-88
155            </intent-filter>
156            <intent-filter>
156-->[androidx.profileinstaller:profileinstaller:1.3.1] AndroidManifest.xml:43:13-45:29
157                <action android:name="androidx.profileinstaller.action.SKIP_FILE" />
157-->[androidx.profileinstaller:profileinstaller:1.3.1] AndroidManifest.xml:44:17-85
157-->[androidx.profileinstaller:profileinstaller:1.3.1] AndroidManifest.xml:44:25-82
158            </intent-filter>
159            <intent-filter>
159-->[androidx.profileinstaller:profileinstaller:1.3.1] AndroidManifest.xml:46:13-48:29
160                <action android:name="androidx.profileinstaller.action.SAVE_PROFILE" />
160-->[androidx.profileinstaller:profileinstaller:1.3.1] AndroidManifest.xml:47:17-88
160-->[androidx.profileinstaller:profileinstaller:1.3.1] AndroidManifest.xml:47:25-85
161            </intent-filter>
162            <intent-filter>
162-->[androidx.profileinstaller:profileinstaller:1.3.1] AndroidManifest.xml:49:13-51:29
163                <action android:name="androidx.profileinstaller.action.BENCHMARK_OPERATION" />
163-->[androidx.profileinstaller:profileinstaller:1.3.1] AndroidManifest.xml:50:17-95
163-->[androidx.profileinstaller:profileinstaller:1.3.1] AndroidManifest.xml:50:25-92
164            </intent-filter>
165        </receiver>
166    </application>
167
168</manifest>